<?xml version="1.0" encoding="UTF-8"?>
<!-- Generated by org.testng.reporters.JUnitReportReporter -->
<testsuite skipped="0" hostname="tanmay-PC" name="frameWork.HomePageTest" tests="2" failures="0" timestamp="20 Aug 2019 14:14:00 GMT" time="73.176" errors="0">
  <testcase name="basePageNavigation" time="35.048" classname="frameWork.HomePageTest"/>
  <testcase name="basePageNavigation" time="38.128" classname="frameWork.HomePageTest"/>
</testsuite> <!-- frameWork.HomePageTest -->
