<?xml version="1.0" encoding="UTF-8"?>
<!-- Generated by org.testng.reporters.JUnitReportReporter -->
<testsuite skipped="0" hostname="tanmay-PC" name="frameWork.ValidateMenuTest" tests="1" failures="0" timestamp="20 Aug 2019 14:14:00 GMT" time="0.137" errors="0">
  <testcase name="ValidateAppNavigationBar" time="0.137" classname="frameWork.ValidateMenuTest"/>
</testsuite> <!-- frameWork.ValidateMenuTest -->
