<?xml version="1.0" encoding="UTF-8"?>
<!-- Generated by org.testng.reporters.JUnitReportReporter -->
<testsuite skipped="0" hostname="tanmay-PC" name="frameWork.HomePageTest" tests="2" failures="0" timestamp="24 Aug 2019 23:50:00 GMT" time="70.337" errors="0">
  <testcase name="basePageNavigation" time="35.733" classname="frameWork.HomePageTest"/>
  <testcase name="basePageNavigation" time="34.604" classname="frameWork.HomePageTest"/>
</testsuite> <!-- frameWork.HomePageTest -->
