<?xml version="1.0" encoding="UTF-8"?>
<!-- Generated by org.testng.reporters.JUnitReportReporter -->
<testsuite skipped="0" hostname="tanmay-PC" name="frameWork.ValidateMenuTest" tests="1" failures="0" timestamp="24 Aug 2019 23:50:00 GMT" time="0.156" errors="0">
  <testcase name="ValidateAppNavigationBar" time="0.156" classname="frameWork.ValidateMenuTest"/>
</testsuite> <!-- frameWork.ValidateMenuTest -->
