<?xml version="1.0" encoding="UTF-8"?>
<!-- Generated by org.testng.reporters.JUnitReportReporter -->
<testsuite skipped="0" hostname="tanmay-PC" name="frameWork.ValidateTitle" tests="1" failures="0" timestamp="24 Aug 2019 23:50:00 GMT" time="0.078" errors="0">
  <testcase name="ValidateAppTitle" time="0.078" classname="frameWork.ValidateTitle"/>
</testsuite> <!-- frameWork.ValidateTitle -->
